starter/app/build/intermediates/manifest_merge_blame_file/debug/manifest-merger-blame-debug-report.txt
1<?xml version="1.0" encoding="utf-8"?>
2<manifest xmlns:android="http://schemas.android.com/apk/res/android"
3    package="com.raywenderlich.android.majesticreader"
4    android:versionCode="1"
5    android:versionName="1.0" >
6
7    <uses-sdk
8        android:minSdkVersion="21"
8-->src/main/AndroidManifest.xml
9        android:targetSdkVersion="28" />
9-->src/main/AndroidManifest.xml
10
11    <application
11-->src/main/AndroidManifest.xml:5:3-27:17
12        android:name="com.raywenderlich.android.majesticreader.framework.MajesticReaderApplication"
12-->src/main/AndroidManifest.xml:9:7-58
13        android:allowBackup="false"
13-->src/main/AndroidManifest.xml:6:7-34
14        android:appComponentFactory="androidx.core.app.CoreComponentFactory"
14-->[androidx.core:core:1.1.0-rc01] AndroidManifest.xml:24:18-86
15        android:debuggable="true"
16        android:icon="@mipmap/ic_launcher"
16-->src/main/AndroidManifest.xml:7:7-41
17        android:label="@string/app_name"
17-->src/main/AndroidManifest.xml:8:7-39
18        android:roundIcon="@mipmap/ic_launcher_round"
18-->src/main/AndroidManifest.xml:10:7-52
19        android:supportsRtl="true"
19-->src/main/AndroidManifest.xml:11:7-33
20        android:theme="@style/AppTheme" >
20-->src/main/AndroidManifest.xml:12:7-38
21        <activity
21-->src/main/AndroidManifest.xml:13:5-17:16
22            android:name="com.raywenderlich.android.majesticreader.presentation.MainActivity"
22-->src/main/AndroidManifest.xml:14:9-50
23            android:label="@string/title_activity_main"
23-->src/main/AndroidManifest.xml:15:9-52
24            android:theme="@style/AppTheme.NoActionBar" >
24-->src/main/AndroidManifest.xml:16:9-52
25        </activity>
26
27        <!-- Splash Activity -->
28        <activity android:name="com.raywenderlich.android.majesticreader.presentation.SplashActivity" >
28-->src/main/AndroidManifest.xml:20:5-26:16
28-->src/main/AndroidManifest.xml:20:15-58
29            <intent-filter>
29-->src/main/AndroidManifest.xml:21:7-25:23
30                <action android:name="android.intent.action.MAIN" />
30-->src/main/AndroidManifest.xml:22:9-60
30-->src/main/AndroidManifest.xml:22:17-58
31
32                <category android:name="android.intent.category.LAUNCHER" />
32-->src/main/AndroidManifest.xml:24:9-68
32-->src/main/AndroidManifest.xml:24:19-66
33            </intent-filter>
34        </activity>
35
36        <service
36-->[androidx.room:room-runtime:2.1.0] AndroidManifest.xml:25:9-27:40
37            android:name="androidx.room.MultiInstanceInvalidationService"
37-->[androidx.room:room-runtime:2.1.0] AndroidManifest.xml:26:13-74
38            android:exported="false" />
38-->[androidx.room:room-runtime:2.1.0] AndroidManifest.xml:27:13-37
39
40        <provider
40-->[androidx.lifecycle:lifecycle-process:2.0.0] AndroidManifest.xml:23:9-27:43
41            android:name="androidx.lifecycle.ProcessLifecycleOwnerInitializer"
41-->[androidx.lifecycle:lifecycle-process:2.0.0] AndroidManifest.xml:24:13-79
42            android:authorities="com.raywenderlich.android.majesticreader.lifecycle-process"
42-->[androidx.lifecycle:lifecycle-process:2.0.0] AndroidManifest.xml:25:13-69
43            android:exported="false"
43-->[androidx.lifecycle:lifecycle-process:2.0.0] AndroidManifest.xml:26:13-37
44            android:multiprocess="true" />
44-->[androidx.lifecycle:lifecycle-process:2.0.0] AndroidManifest.xml:27:13-40
45    </application>
46
47</manifest>